\BOOKMARK [0][-]{chapter.1}{\376\377\000P\000r\000o\000j\000e\000c\000t\000\040\000d\000e\000s\000c\000r\000i\000p\000t\000i\000o\000n}{}% 1
\BOOKMARK [1][-]{section.1.1}{\376\377\000I\000n\000t\000r\000o\000d\000u\000c\000t\000i\000o\000n}{chapter.1}% 2
\BOOKMARK [1][-]{section.1.2}{\376\377\000C\000o\000n\000t\000r\000i\000b\000u\000t\000o\000r\000s}{chapter.1}% 3
\BOOKMARK [1][-]{section.1.3}{\376\377\000L\000i\000c\000e\000n\000s\000e}{chapter.1}% 4
\BOOKMARK [0][-]{chapter.2}{\376\377\000C\000l\000a\000s\000s\000\040\000I\000n\000d\000e\000x}{}% 5
\BOOKMARK [1][-]{section.2.1}{\376\377\000C\000l\000a\000s\000s\000\040\000L\000i\000s\000t}{chapter.2}% 6
\BOOKMARK [0][-]{chapter.3}{\376\377\000F\000i\000l\000e\000\040\000I\000n\000d\000e\000x}{}% 7
\BOOKMARK [1][-]{section.3.1}{\376\377\000F\000i\000l\000e\000\040\000L\000i\000s\000t}{chapter.3}% 8
\BOOKMARK [0][-]{chapter.4}{\376\377\000C\000l\000a\000s\000s\000\040\000D\000o\000c\000u\000m\000e\000n\000t\000a\000t\000i\000o\000n}{}% 9
\BOOKMARK [1][-]{section.4.1}{\376\377\000b\000c\000m\0002\0008\0003\0005\000\137\000p\000e\000r\000i\000p\000h\000e\000r\000a\000l\000\040\000S\000t\000r\000u\000c\000t\000\040\000R\000e\000f\000e\000r\000e\000n\000c\000e}{chapter.4}% 10
\BOOKMARK [2][-]{subsection.4.1.1}{\376\377\000D\000e\000t\000a\000i\000l\000e\000d\000\040\000D\000e\000s\000c\000r\000i\000p\000t\000i\000o\000n}{section.4.1}% 11
\BOOKMARK [1][-]{section.4.2}{\376\377\000C\000o\000n\000t\000r\000o\000l\000\137\000l\000o\000o\000p\000\040\000S\000t\000r\000u\000c\000t\000\040\000R\000e\000f\000e\000r\000e\000n\000c\000e}{chapter.4}% 12
\BOOKMARK [2][-]{subsection.4.2.1}{\376\377\000D\000e\000t\000a\000i\000l\000e\000d\000\040\000D\000e\000s\000c\000r\000i\000p\000t\000i\000o\000n}{section.4.2}% 13
\BOOKMARK [1][-]{section.4.3}{\376\377\000M\000A\000T\000R\000I\000X\000\040\000S\000t\000r\000u\000c\000t\000\040\000R\000e\000f\000e\000r\000e\000n\000c\000e}{chapter.4}% 14
\BOOKMARK [2][-]{subsection.4.3.1}{\376\377\000D\000e\000t\000a\000i\000l\000e\000d\000\040\000D\000e\000s\000c\000r\000i\000p\000t\000i\000o\000n}{section.4.3}% 15
\BOOKMARK [1][-]{section.4.4}{\376\377\000S\000P\000I\000\137\000d\000a\000t\000a\000\040\000S\000t\000r\000u\000c\000t\000\040\000R\000e\000f\000e\000r\000e\000n\000c\000e}{chapter.4}% 16
\BOOKMARK [2][-]{subsection.4.4.1}{\376\377\000D\000e\000t\000a\000i\000l\000e\000d\000\040\000D\000e\000s\000c\000r\000i\000p\000t\000i\000o\000n}{section.4.4}% 17
\BOOKMARK [0][-]{chapter.5}{\376\377\000F\000i\000l\000e\000\040\000D\000o\000c\000u\000m\000e\000n\000t\000a\000t\000i\000o\000n}{}% 18
\BOOKMARK [1][-]{section.5.1}{\376\377\000c\000o\000n\000t\000r\000o\000l\000\137\000f\000u\000n\000c\000s\000.\000c\000\040\000F\000i\000l\000e\000\040\000R\000e\000f\000e\000r\000e\000n\000c\000e}{chapter.5}% 19
\BOOKMARK [2][-]{subsection.5.1.1}{\376\377\000D\000e\000t\000a\000i\000l\000e\000d\000\040\000D\000e\000s\000c\000r\000i\000p\000t\000i\000o\000n}{section.5.1}% 20
\BOOKMARK [2][-]{subsection.5.1.2}{\376\377\000F\000u\000n\000c\000t\000i\000o\000n\000\040\000D\000o\000c\000u\000m\000e\000n\000t\000a\000t\000i\000o\000n}{section.5.1}% 21
\BOOKMARK [3][-]{subsubsection.5.1.2.1}{\376\377\000F\000p\000i\000t\000c\000h\000\137\000l\000o\000o\000p\000\137\000c\000o\000n\000t\000r\000o\000l\000\137\000s\000e\000t\000u\000p}{subsection.5.1.2}% 22
\BOOKMARK [3][-]{subsubsection.5.1.2.2}{\376\377\000F\000y\000a\000w\000\137\000l\000o\000o\000p\000\137\000c\000o\000n\000t\000r\000o\000l\000\137\000s\000e\000t\000u\000p}{subsection.5.1.2}% 23
\BOOKMARK [3][-]{subsubsection.5.1.2.3}{\376\377\000M\000r\000o\000l\000l\000\137\000l\000o\000o\000p\000\137\000c\000o\000n\000t\000r\000o\000l\000\137\000s\000e\000t\000u\000p}{subsection.5.1.2}% 24
\BOOKMARK [2][-]{subsection.5.1.3}{\376\377\000V\000a\000r\000i\000a\000b\000l\000e\000\040\000D\000o\000c\000u\000m\000e\000n\000t\000a\000t\000i\000o\000n}{section.5.1}% 25
\BOOKMARK [3][-]{subsubsection.5.1.3.1}{\376\377\000V\000A\000L\000V\000E\000\137\000\137\000M\000A\000X\000\137\000T\000H\000R\000U\000S\000T}{subsection.5.1.3}% 26
\BOOKMARK [1][-]{section.5.2}{\376\377\000c\000o\000n\000t\000r\000o\000l\000\137\000h\000e\000a\000d\000e\000r\000.\000h\000\040\000F\000i\000l\000e\000\040\000R\000e\000f\000e\000r\000e\000n\000c\000e}{chapter.5}% 27
\BOOKMARK [2][-]{subsection.5.2.1}{\376\377\000D\000e\000t\000a\000i\000l\000e\000d\000\040\000D\000e\000s\000c\000r\000i\000p\000t\000i\000o\000n}{section.5.2}% 28
\BOOKMARK [1][-]{section.5.3}{\376\377\000i\000m\000u\000\137\000f\000u\000n\000c\000s\000.\000c\000\040\000F\000i\000l\000e\000\040\000R\000e\000f\000e\000r\000e\000n\000c\000e}{chapter.5}% 29
\BOOKMARK [2][-]{subsection.5.3.1}{\376\377\000D\000e\000t\000a\000i\000l\000e\000d\000\040\000D\000e\000s\000c\000r\000i\000p\000t\000i\000o\000n}{section.5.3}% 30
\BOOKMARK [2][-]{subsection.5.3.2}{\376\377\000F\000u\000n\000c\000t\000i\000o\000n\000\040\000D\000o\000c\000u\000m\000e\000n\000t\000a\000t\000i\000o\000n}{section.5.3}% 31
\BOOKMARK [3][-]{subsubsection.5.3.2.1}{\376\377\000C\000a\000l\000i\000b\000r\000a\000t\000e\000\137\000I\000M\000U}{subsection.5.3.2}% 32
\BOOKMARK [3][-]{subsubsection.5.3.2.2}{\376\377\000c\000l\000o\000s\000e\000\137\000p\000o\000r\000t}{subsection.5.3.2}% 33
\BOOKMARK [3][-]{subsubsection.5.3.2.3}{\376\377\000c\000o\000n\000s\000t\000r\000u\000c\000t\000\137\000z\000e\000r\000o\000e\000d\000\137\000D\000C\000M}{subsection.5.3.2}% 34
\BOOKMARK [3][-]{subsubsection.5.3.2.4}{\376\377\000F\000i\000n\000d\000\137\000r\000a\000w\000\137\000E\000u\000l\000e\000r\000\137\000a\000n\000g\000u\000l\000a\000r\000\137\000v\000e\000l\000o\000c\000i\000t\000i\000e\000s}{subsection.5.3.2}% 35
\BOOKMARK [3][-]{subsubsection.5.3.2.5}{\376\377\000g\000e\000t\000\137\000f\000i\000l\000t\000e\000r\000e\000d\000\137\000a\000t\000t\000i\000t\000u\000d\000e\000\137\000p\000a\000r\000a\000l\000l\000e\000l}{subsection.5.3.2}% 36
\BOOKMARK [3][-]{subsubsection.5.3.2.6}{\376\377\000g\000e\000t\000\137\000o\000l\000d\000\137\000a\000t\000t\000r}{subsection.5.3.2}% 37
\BOOKMARK [3][-]{subsubsection.5.3.2.7}{\376\377\000K\000a\000l\000m\000a\000n\000\137\000f\000i\000l\000t\000e\000r}{subsection.5.3.2}% 38
\BOOKMARK [3][-]{subsubsection.5.3.2.8}{\376\377\000m\000i\000n\000\137\000o\000f\000\137\000s\000e\000t}{subsection.5.3.2}% 39
\BOOKMARK [3][-]{subsubsection.5.3.2.9}{\376\377\000o\000p\000e\000n\000\137\000s\000e\000r\000i\000a\000l\000\137\000p\000o\000r\000t}{subsection.5.3.2}% 40
\BOOKMARK [3][-]{subsubsection.5.3.2.10}{\376\377\000r\000e\000a\000d\000\137\000I\000M\000U\000\137\000p\000a\000r\000a\000l\000l\000e\000l}{subsection.5.3.2}% 41
\BOOKMARK [3][-]{subsubsection.5.3.2.11}{\376\377\000r\000e\000s\000e\000t\000\137\000o\000l\000d\000\137\000a\000t\000t\000r\000\137\000p\000o\000r\000t}{subsection.5.3.2}% 42
\BOOKMARK [3][-]{subsubsection.5.3.2.12}{\376\377\000s\000e\000t\000\137\000n\000e\000w\000\137\000a\000t\000t\000r}{subsection.5.3.2}% 43
\BOOKMARK [3][-]{subsubsection.5.3.2.13}{\376\377\000s\000e\000t\000\137\000t\000o\000\137\000b\000l\000o\000c\000k\000i\000n\000g}{subsection.5.3.2}% 44
\BOOKMARK [3][-]{subsubsection.5.3.2.14}{\376\377\000T\000O\000\137\000D\000E\000G}{subsection.5.3.2}% 45
\BOOKMARK [3][-]{subsubsection.5.3.2.15}{\376\377\000T\000r\000e\000a\000t\000\137\000r\000e\000p\000l\000y}{subsection.5.3.2}% 46
\BOOKMARK [3][-]{subsubsection.5.3.2.16}{\376\377\000z\000e\000r\000o\000\137\000E\000u\000l\000e\000r\000\137\000a\000n\000g\000l\000e\000s}{subsection.5.3.2}% 47
\BOOKMARK [1][-]{section.5.4}{\376\377\000i\000m\000u\000\137\000h\000e\000a\000d\000e\000r\000.\000h\000\040\000F\000i\000l\000e\000\040\000R\000e\000f\000e\000r\000e\000n\000c\000e}{chapter.5}% 48
\BOOKMARK [2][-]{subsection.5.4.1}{\376\377\000D\000e\000t\000a\000i\000l\000e\000d\000\040\000D\000e\000s\000c\000r\000i\000p\000t\000i\000o\000n}{section.5.4}% 49
\BOOKMARK [1][-]{section.5.5}{\376\377\000l\000a\000\137\000f\000u\000n\000c\000s\000.\000c\000\040\000F\000i\000l\000e\000\040\000R\000e\000f\000e\000r\000e\000n\000c\000e}{chapter.5}% 50
\BOOKMARK [2][-]{subsection.5.5.1}{\376\377\000D\000e\000t\000a\000i\000l\000e\000d\000\040\000D\000e\000s\000c\000r\000i\000p\000t\000i\000o\000n}{section.5.5}% 51
\BOOKMARK [2][-]{subsection.5.5.2}{\376\377\000F\000u\000n\000c\000t\000i\000o\000n\000\040\000D\000o\000c\000u\000m\000e\000n\000t\000a\000t\000i\000o\000n}{section.5.5}% 52
\BOOKMARK [3][-]{subsubsection.5.5.2.1}{\376\377\000i\000n\000i\000t\000M\000a\000t\000r\000i\000x}{subsection.5.5.2}% 53
\BOOKMARK [3][-]{subsubsection.5.5.2.2}{\376\377\000m\000a\000d\000d}{subsection.5.5.2}% 54
\BOOKMARK [3][-]{subsubsection.5.5.2.3}{\376\377\000m\000i\000n\000v\000e\000r\000s\000e\000\137\0001\000x\0001}{subsection.5.5.2}% 55
\BOOKMARK [3][-]{subsubsection.5.5.2.4}{\376\377\000m\000m\000u\000l\000t\000i\000p\000l\000y}{subsection.5.5.2}% 56
\BOOKMARK [3][-]{subsubsection.5.5.2.5}{\376\377\000m\000s\000u\000b\000t\000r\000a\000c\000t}{subsection.5.5.2}% 57
\BOOKMARK [3][-]{subsubsection.5.5.2.6}{\376\377\000t\000r\000a\000n\000s\000p\000o\000s\000e}{subsection.5.5.2}% 58
\BOOKMARK [1][-]{section.5.6}{\376\377\000l\000a\000\137\000h\000e\000a\000d\000e\000r\000.\000h\000\040\000F\000i\000l\000e\000\040\000R\000e\000f\000e\000r\000e\000n\000c\000e}{chapter.5}% 59
\BOOKMARK [2][-]{subsection.5.6.1}{\376\377\000D\000e\000t\000a\000i\000l\000e\000d\000\040\000D\000e\000s\000c\000r\000i\000p\000t\000i\000o\000n}{section.5.6}% 60
\BOOKMARK [1][-]{section.5.7}{\376\377\000m\000a\000s\000t\000e\000r\000.\000c\000\040\000F\000i\000l\000e\000\040\000R\000e\000f\000e\000r\000e\000n\000c\000e}{chapter.5}% 61
\BOOKMARK [2][-]{subsection.5.7.1}{\376\377\000D\000e\000t\000a\000i\000l\000e\000d\000\040\000D\000e\000s\000c\000r\000i\000p\000t\000i\000o\000n}{section.5.7}% 62
\BOOKMARK [2][-]{subsection.5.7.2}{\376\377\000F\000u\000n\000c\000t\000i\000o\000n\000\040\000D\000o\000c\000u\000m\000e\000n\000t\000a\000t\000i\000o\000n}{section.5.7}% 63
\BOOKMARK [3][-]{subsubsection.5.7.2.1}{\376\377\000m\000a\000i\000n}{subsection.5.7.2}% 64
\BOOKMARK [2][-]{subsection.5.7.3}{\376\377\000V\000a\000r\000i\000a\000b\000l\000e\000\040\000D\000o\000c\000u\000m\000e\000n\000t\000a\000t\000i\000o\000n}{section.5.7}% 65
\BOOKMARK [3][-]{subsubsection.5.7.3.1}{\376\377\000g\000p\000i\000o}{subsection.5.7.3}% 66
\BOOKMARK [1][-]{section.5.8}{\376\377\000m\000a\000s\000t\000e\000r\000\137\000f\000u\000n\000c\000s\000.\000c\000\040\000F\000i\000l\000e\000\040\000R\000e\000f\000e\000r\000e\000n\000c\000e}{chapter.5}% 67
\BOOKMARK [2][-]{subsection.5.8.1}{\376\377\000D\000e\000t\000a\000i\000l\000e\000d\000\040\000D\000e\000s\000c\000r\000i\000p\000t\000i\000o\000n}{section.5.8}% 68
\BOOKMARK [2][-]{subsection.5.8.2}{\376\377\000F\000u\000n\000c\000t\000i\000o\000n\000\040\000D\000o\000c\000u\000m\000e\000n\000t\000a\000t\000i\000o\000n}{section.5.8}% 69
\BOOKMARK [3][-]{subsubsection.5.8.2.1}{\376\377\000c\000h\000e\000c\000k\000\137\000t\000i\000m\000e}{subsection.5.8.2}% 70
\BOOKMARK [3][-]{subsubsection.5.8.2.2}{\376\377\000o\000p\000e\000n\000\137\000e\000r\000r\000o\000r\000\137\000f\000i\000l\000e}{subsection.5.8.2}% 71
\BOOKMARK [3][-]{subsubsection.5.8.2.3}{\376\377\000o\000p\000e\000n\000\137\000f\000i\000l\000e}{subsection.5.8.2}% 72
\BOOKMARK [3][-]{subsubsection.5.8.2.4}{\376\377\000p\000a\000s\000s\000i\000v\000e\000\137\000w\000a\000i\000t}{subsection.5.8.2}% 73
\BOOKMARK [3][-]{subsubsection.5.8.2.5}{\376\377\000w\000r\000i\000t\000e\000\137\000t\000o\000\137\000f\000i\000l\000e\000\137\000c\000u\000s\000t\000o\000m}{subsection.5.8.2}% 74
\BOOKMARK [1][-]{section.5.9}{\376\377\000m\000a\000s\000t\000e\000r\000\137\000h\000e\000a\000d\000e\000r\000.\000h\000\040\000F\000i\000l\000e\000\040\000R\000e\000f\000e\000r\000e\000n\000c\000e}{chapter.5}% 75
\BOOKMARK [2][-]{subsection.5.9.1}{\376\377\000D\000e\000t\000a\000i\000l\000e\000d\000\040\000D\000e\000s\000c\000r\000i\000p\000t\000i\000o\000n}{section.5.9}% 76
\BOOKMARK [2][-]{subsection.5.9.2}{\376\377\000V\000a\000r\000i\000a\000b\000l\000e\000\040\000D\000o\000c\000u\000m\000e\000n\000t\000a\000t\000i\000o\000n}{section.5.9}% 77
\BOOKMARK [3][-]{subsubsection.5.9.2.1}{\376\377\000V\000A\000L\000V\000E\000\137\000\137\000M\000A\000X\000\137\000T\000H\000R\000U\000S\000T}{subsection.5.9.2}% 78
\BOOKMARK [1][-]{section.5.10}{\376\377\000m\000s\000p\0004\0003\0000\000\137\000f\000u\000n\000c\000s\000.\000c\000\040\000F\000i\000l\000e\000\040\000R\000e\000f\000e\000r\000e\000n\000c\000e}{chapter.5}% 79
\BOOKMARK [2][-]{subsection.5.10.1}{\376\377\000D\000e\000t\000a\000i\000l\000e\000d\000\040\000D\000e\000s\000c\000r\000i\000p\000t\000i\000o\000n}{section.5.10}% 80
\BOOKMARK [2][-]{subsection.5.10.2}{\376\377\000F\000u\000n\000c\000t\000i\000o\000n\000\040\000D\000o\000c\000u\000m\000e\000n\000t\000a\000t\000i\000o\000n}{section.5.10}% 81
\BOOKMARK [3][-]{subsubsection.5.10.2.1}{\376\377\000M\000S\000P\0004\0003\0000\000\137\000U\000A\000R\000T\000\137\000r\000e\000c\000e\000i\000v\000e}{subsection.5.10.2}% 82
\BOOKMARK [3][-]{subsubsection.5.10.2.2}{\376\377\000M\000S\000P\0004\0003\0000\000\137\000U\000A\000R\000T\000\137\000w\000r\000i\000t\000e}{subsection.5.10.2}% 83
\BOOKMARK [3][-]{subsubsection.5.10.2.3}{\376\377\000M\000S\000P\0004\0003\0000\000\137\000U\000A\000R\000T\000\137\000w\000r\000i\000t\000e\000\137\000P\000W\000M}{subsection.5.10.2}% 84
\BOOKMARK [1][-]{section.5.11}{\376\377\000m\000s\000p\0004\0003\0000\000\137\000h\000e\000a\000d\000e\000r\000.\000h\000\040\000F\000i\000l\000e\000\040\000R\000e\000f\000e\000r\000e\000n\000c\000e}{chapter.5}% 85
\BOOKMARK [2][-]{subsection.5.11.1}{\376\377\000D\000e\000t\000a\000i\000l\000e\000d\000\040\000D\000e\000s\000c\000r\000i\000p\000t\000i\000o\000n}{section.5.11}% 86
\BOOKMARK [1][-]{section.5.12}{\376\377\000p\000r\000e\000s\000s\000u\000r\000e\000\137\000f\000u\000n\000c\000s\000.\000c\000\040\000F\000i\000l\000e\000\040\000R\000e\000f\000e\000r\000e\000n\000c\000e}{chapter.5}% 87
\BOOKMARK [2][-]{subsection.5.12.1}{\376\377\000D\000e\000t\000a\000i\000l\000e\000d\000\040\000D\000e\000s\000c\000r\000i\000p\000t\000i\000o\000n}{section.5.12}% 88
\BOOKMARK [2][-]{subsection.5.12.2}{\376\377\000F\000u\000n\000c\000t\000i\000o\000n\000\040\000D\000o\000c\000u\000m\000e\000n\000t\000a\000t\000i\000o\000n}{section.5.12}% 89
\BOOKMARK [3][-]{subsubsection.5.12.2.1}{\376\377\000g\000e\000t\000\137\000r\000e\000a\000d\000i\000n\000g\000s\000\137\000S\000P\000I\000\137\000p\000a\000r\000a\000l\000l\000e\000l}{subsection.5.12.2}% 90
\BOOKMARK [3][-]{subsubsection.5.12.2.2}{\376\377\000p\000r\000e\000s\000s\000u\000r\000e\000\137\000s\000e\000n\000s\000o\000r\000\137\000S\000P\000I\000\137\000c\000o\000n\000n\000e\000c\000t}{subsection.5.12.2}% 91
\BOOKMARK [1][-]{section.5.13}{\376\377\000p\000r\000e\000s\000s\000u\000r\000e\000\137\000h\000e\000a\000d\000e\000r\000.\000h\000\040\000F\000i\000l\000e\000\040\000R\000e\000f\000e\000r\000e\000n\000c\000e}{chapter.5}% 92
\BOOKMARK [2][-]{subsection.5.13.1}{\376\377\000D\000e\000t\000a\000i\000l\000e\000d\000\040\000D\000e\000s\000c\000r\000i\000p\000t\000i\000o\000n}{section.5.13}% 93
\BOOKMARK [1][-]{section.5.14}{\376\377\000r\000p\000i\000\137\000g\000p\000i\000o\000\137\000f\000u\000n\000c\000s\000.\000c\000\040\000F\000i\000l\000e\000\040\000R\000e\000f\000e\000r\000e\000n\000c\000e}{chapter.5}% 94
\BOOKMARK [2][-]{subsection.5.14.1}{\376\377\000D\000e\000t\000a\000i\000l\000e\000d\000\040\000D\000e\000s\000c\000r\000i\000p\000t\000i\000o\000n}{section.5.14}% 95
\BOOKMARK [2][-]{subsection.5.14.2}{\376\377\000F\000u\000n\000c\000t\000i\000o\000n\000\040\000D\000o\000c\000u\000m\000e\000n\000t\000a\000t\000i\000o\000n}{section.5.14}% 96
\BOOKMARK [3][-]{subsubsection.5.14.2.1}{\376\377\000m\000a\000p\000\137\000p\000e\000r\000i\000p\000h\000e\000r\000a\000l}{subsection.5.14.2}% 97
\BOOKMARK [3][-]{subsubsection.5.14.2.2}{\376\377\000u\000n\000m\000a\000p\000\137\000p\000e\000r\000i\000p\000h\000e\000r\000a\000l}{subsection.5.14.2}% 98
\BOOKMARK [1][-]{section.5.15}{\376\377\000r\000p\000i\000\137\000g\000p\000i\000o\000\137\000h\000e\000a\000d\000e\000r\000.\000h\000\040\000F\000i\000l\000e\000\040\000R\000e\000f\000e\000r\000e\000n\000c\000e}{chapter.5}% 99
\BOOKMARK [2][-]{subsection.5.15.1}{\376\377\000D\000e\000t\000a\000i\000l\000e\000d\000\040\000D\000e\000s\000c\000r\000i\000p\000t\000i\000o\000n}{section.5.15}% 100
\BOOKMARK [2][-]{subsection.5.15.2}{\376\377\000V\000a\000r\000i\000a\000b\000l\000e\000\040\000D\000o\000c\000u\000m\000e\000n\000t\000a\000t\000i\000o\000n}{section.5.15}% 101
\BOOKMARK [3][-]{subsubsection.5.15.2.1}{\376\377\000g\000p\000i\000o}{subsection.5.15.2}% 102
\BOOKMARK [1][-]{section.5.16}{\376\377\000s\000i\000m\000p\000l\000e\000x\000\137\000f\000u\000n\000c\000s\000.\000c\000\040\000F\000i\000l\000e\000\040\000R\000e\000f\000e\000r\000e\000n\000c\000e}{chapter.5}% 103
\BOOKMARK [2][-]{subsection.5.16.1}{\376\377\000D\000e\000t\000a\000i\000l\000e\000d\000\040\000D\000e\000s\000c\000r\000i\000p\000t\000i\000o\000n}{section.5.16}% 104
\BOOKMARK [2][-]{subsection.5.16.2}{\376\377\000F\000u\000n\000c\000t\000i\000o\000n\000\040\000D\000o\000c\000u\000m\000e\000n\000t\000a\000t\000i\000o\000n}{section.5.16}% 105
\BOOKMARK [3][-]{subsubsection.5.16.2.1}{\376\377\000g\000e\000t\000\137\000s\000i\000m\000p\000l\000e\000x\000\137\000s\000o\000l\000u\000t\000i\000o\000n}{subsection.5.16.2}% 106
\BOOKMARK [3][-]{subsubsection.5.16.2.2}{\376\377\000s\000i\000m\000p\0001}{subsection.5.16.2}% 107
\BOOKMARK [3][-]{subsubsection.5.16.2.3}{\376\377\000s\000i\000m\000p\0002}{subsection.5.16.2}% 108
\BOOKMARK [3][-]{subsubsection.5.16.2.4}{\376\377\000s\000i\000m\000p\0003}{subsection.5.16.2}% 109
\BOOKMARK [3][-]{subsubsection.5.16.2.5}{\376\377\000s\000i\000m\000p\000l\000x}{subsection.5.16.2}% 110
\BOOKMARK [1][-]{section.5.17}{\376\377\000s\000i\000m\000p\000l\000e\000x\000\137\000h\000e\000a\000d\000e\000r\000.\000h\000\040\000F\000i\000l\000e\000\040\000R\000e\000f\000e\000r\000e\000n\000c\000e}{chapter.5}% 111
\BOOKMARK [2][-]{subsection.5.17.1}{\376\377\000D\000e\000t\000a\000i\000l\000e\000d\000\040\000D\000e\000s\000c\000r\000i\000p\000t\000i\000o\000n}{section.5.17}% 112
\BOOKMARK [1][-]{section.5.18}{\376\377\000s\000p\000y\000c\000a\000m\000\137\000f\000u\000n\000c\000s\000.\000c\000\040\000F\000i\000l\000e\000\040\000R\000e\000f\000e\000r\000e\000n\000c\000e}{chapter.5}% 113
\BOOKMARK [2][-]{subsection.5.18.1}{\376\377\000D\000e\000t\000a\000i\000l\000e\000d\000\040\000D\000e\000s\000c\000r\000i\000p\000t\000i\000o\000n}{section.5.18}% 114
\BOOKMARK [2][-]{subsection.5.18.2}{\376\377\000F\000u\000n\000c\000t\000i\000o\000n\000\040\000D\000o\000c\000u\000m\000e\000n\000t\000a\000t\000i\000o\000n}{section.5.18}% 115
\BOOKMARK [3][-]{subsubsection.5.18.2.1}{\376\377\000s\000t\000a\000r\000t\000V\000i\000d\000e\000o}{subsection.5.18.2}% 116
\BOOKMARK [3][-]{subsubsection.5.18.2.2}{\376\377\000s\000t\000o\000p\000V\000i\000d\000e\000o}{subsection.5.18.2}% 117
\BOOKMARK [1][-]{section.5.19}{\376\377\000s\000p\000y\000c\000a\000m\000\137\000h\000e\000a\000d\000e\000r\000.\000h\000\040\000F\000i\000l\000e\000\040\000R\000e\000f\000e\000r\000e\000n\000c\000e}{chapter.5}% 118
\BOOKMARK [2][-]{subsection.5.19.1}{\376\377\000D\000e\000t\000a\000i\000l\000e\000d\000\040\000D\000e\000s\000c\000r\000i\000p\000t\000i\000o\000n}{section.5.19}% 119
\BOOKMARK [0][-]{section*.41}{\376\377\000I\000n\000d\000e\000x}{}% 120
